<?xml version="1.0" encoding="UTF-8"?>
<!-- Generated by org.testng.reporters.JUnitReportReporter -->
<testsuite hostname="Sagar-PC" failures="0" tests="4" name="test_pkg.Loan_tests" time="0.011" errors="0" timestamp="2024-04-08T11:57:06 CEST" skipped="1">
  <testcase classname="test_pkg.Loan_tests" name="car" time="0.005"/>
  <system-out/>
  <testcase classname="test_pkg.Loan_tests" name="personal" time="0.003"/>
  <system-out/>
  <testcase classname="test_pkg.Loan_tests" name="home" time="0.003"/>
  <system-out/>
  <testcase classname="test_pkg.Loan_tests" name="home_smartloan">
    <skipped/>
  </testcase> <!-- home_smartloan -->
  <system-out/>
</testsuite> <!-- test_pkg.Loan_tests -->
