<?xml version="1.0" encoding="UTF-8"?>
<!-- Generated by org.testng.reporters.JUnitReportReporter -->
<testsuite hostname="Sagar-PC" failures="0" tests="1" name="test_pkg.New" time="0.022" errors="0" timestamp="2024-04-08T16:13:21 CEST" skipped="0">
  <testcase classname="test_pkg.New" name="liseteners_demo" time="0.022"/>
  <system-out/>
</testsuite> <!-- test_pkg.New -->
