<?xml version="1.0" encoding="UTF-8"?>
<!-- Generated by org.testng.reporters.JUnitReportReporter -->
<testsuite hostname="Sagar-PC" failures="0" tests="4" name="test_pkg.Basic2" time="0.030" errors="0" timestamp="2024-04-08T14:55:45 CEST" skipped="0">
  <testcase classname="test_pkg.Basic2" name="demo4" time="0.004"/>
  <system-out/>
  <testcase classname="test_pkg.Basic2" name="demo3" time="0.017"/>
  <system-out/>
  <testcase classname="test_pkg.Basic2" name="demo4" time="0.002"/>
  <system-out/>
  <testcase classname="test_pkg.Basic2" name="demo4" time="0.007"/>
  <system-out/>
</testsuite> <!-- test_pkg.Basic2 -->
