<?xml version="1.0" encoding="UTF-8"?>
<!-- Generated by org.testng.reporters.JUnitReportReporter -->
<testsuite hostname="Sagar-PC" failures="0" tests="2" name="test_pkg.Basic" time="0.025" errors="0" timestamp="2024-04-08T11:57:06 CEST" skipped="0">
  <testcase classname="test_pkg.Basic" name="demo" time="0.019"/>
  <system-out/>
  <testcase classname="test_pkg.Basic" name="demo2" time="0.006"/>
  <system-out/>
</testsuite> <!-- test_pkg.Basic -->
